<?xml version="1.0" encoding="UTF-8"?>
<!-- Generated by org.testng.reporters.JUnitXMLReporter -->
<testsuite ignored="0" hostname="Mac" failures="0" tests="2" name="Error Validation Test" time="14.517" errors="0" timestamp="2025-02-10T15:08:01 GMT+03:00">
  <testcase classname="ameera.Tests.ErrorValidationsTest" name="LoginErrorValidation" time="0.247"/>
  <testcase classname="ameera.Tests.ErrorValidationsTest" name="ProductErrorValidation" time="2.006"/>
</testsuite> <!-- Error Validation Test -->
