<?xml version="1.0" encoding="UTF-8"?>
<!-- Generated by org.testng.reporters.JUnitXMLReporter -->
<testsuite ignored="0" hostname="Mac" failures="0" tests="2" name="Error Validation Test" time="10.287" errors="0" timestamp="2025-02-06T20:09:45 GMT+03:00">
  <testcase classname="ameera.Tests.ErrorValidationsTest" name="LoginErrorValidation" time="0.222"/>
  <testcase classname="ameera.Tests.ErrorValidationsTest" name="ProductErrorValidation" time="1.966"/>
</testsuite> <!-- Error Validation Test -->
