<?xml version="1.0" encoding="UTF-8"?>
<!-- Generated by org.testng.reporters.JUnitXMLReporter -->
<testsuite ignored="0" hostname="Mac" failures="0" tests="3" name="Submit Order Test" time="16.074" errors="0" timestamp="2025-02-06T20:09:47 GMT+03:00">
  <testcase classname="ameera.Tests.SubmitOrderTest" name="submitOrder" time="2.663"/>
  <testcase classname="ameera.Tests.SubmitOrderTest" name="submitOrder" time="2.704"/>
  <testcase classname="ameera.Tests.SubmitOrderTest" name="OrderHistoryTest" time="0.491"/>
</testsuite> <!-- Submit Order Test -->
