<?xml version="1.0" encoding="UTF-8"?>
<testng-results ignored="0" total="5" passed="5" failed="0" skipped="0">
  <reporter-output>
  </reporter-output>
  <suite started-at="2025-02-06T20:09:31 GMT+03:00" name="Suite" finished-at="2025-02-06T20:09:47 GMT+03:00" duration-ms="16074">
    <groups>
      <group name="ErrorHandling">
        <method signature="ErrorValidationsTest.LoginErrorValidation()[pri:0, instance:ameera.Tests.ErrorValidationsTest@28194a50]" name="LoginErrorValidation" class="ameera.Tests.ErrorValidationsTest"/>
      </group> <!-- ErrorHandling -->
      <group name="Purchase">
        <method signature="SubmitOrderTest.submitOrder(java.util.HashMap)[pri:0, instance:ameera.Tests.SubmitOrderTest@4d15107f]" name="submitOrder" class="ameera.Tests.SubmitOrderTest"/>
      </group> <!-- Purchase -->
    </groups>
    <test started-at="2025-02-06T20:09:31 GMT+03:00" name="Error Validation Test" finished-at="2025-02-06T20:09:41 GMT+03:00" duration-ms="10287">
      <class name="ameera.Tests.ErrorValidationsTest">
        <test-method is-config="true" signature="launchApplication()[pri:0, instance:ameera.Tests.ErrorValidationsTest@28194a50]" started-at="2025-02-06T20:09:31 GMT+03:00" name="launchApplication" finished-at="2025-02-06T20:09:34 GMT+03:00" duration-ms="3157" status="PASS">
          <reporter-output>
          </reporter-output>
        </test-method> <!-- launchApplication -->
        <test-method signature="LoginErrorValidation()[pri:0, instance:ameera.Tests.ErrorValidationsTest@28194a50]" started-at="2025-02-06T20:09:34 GMT+03:00" name="LoginErrorValidation" finished-at="2025-02-06T20:09:34 GMT+03:00" duration-ms="222" status="PASS">
          <reporter-output>
          </reporter-output>
        </test-method> <!-- LoginErrorValidation -->
        <test-method is-config="true" signature="tearDown()[pri:0, instance:ameera.Tests.ErrorValidationsTest@28194a50]" started-at="2025-02-06T20:09:34 GMT+03:00" name="tearDown" finished-at="2025-02-06T20:09:34 GMT+03:00" duration-ms="82" status="PASS">
          <reporter-output>
          </reporter-output>
        </test-method> <!-- tearDown -->
        <test-method is-config="true" signature="launchApplication()[pri:0, instance:ameera.Tests.ErrorValidationsTest@28194a50]" started-at="2025-02-06T20:09:34 GMT+03:00" name="launchApplication" finished-at="2025-02-06T20:09:39 GMT+03:00" duration-ms="4760" status="PASS">
          <reporter-output>
          </reporter-output>
        </test-method> <!-- launchApplication -->
        <test-method signature="ProductErrorValidation()[pri:0, instance:ameera.Tests.ErrorValidationsTest@28194a50]" started-at="2025-02-06T20:09:39 GMT+03:00" name="ProductErrorValidation" finished-at="2025-02-06T20:09:41 GMT+03:00" duration-ms="1966" status="PASS">
          <reporter-output>
          </reporter-output>
        </test-method> <!-- ProductErrorValidation -->
        <test-method is-config="true" signature="tearDown()[pri:0, instance:ameera.Tests.ErrorValidationsTest@28194a50]" started-at="2025-02-06T20:09:41 GMT+03:00" name="tearDown" finished-at="2025-02-06T20:09:41 GMT+03:00" duration-ms="88" status="PASS">
          <reporter-output>
          </reporter-output>
        </test-method> <!-- tearDown -->
      </class> <!-- ameera.Tests.ErrorValidationsTest -->
    </test> <!-- Error Validation Test -->
    <test started-at="2025-02-06T20:09:31 GMT+03:00" name="Submit Order Test" finished-at="2025-02-06T20:09:47 GMT+03:00" duration-ms="16074">
      <class name="ameera.Tests.SubmitOrderTest">
        <test-method is-config="true" signature="launchApplication()[pri:0, instance:ameera.Tests.SubmitOrderTest@4d15107f]" started-at="2025-02-06T20:09:31 GMT+03:00" name="launchApplication" finished-at="2025-02-06T20:09:34 GMT+03:00" duration-ms="2989" status="PASS">
          <reporter-output>
          </reporter-output>
        </test-method> <!-- launchApplication -->
        <test-method signature="submitOrder(java.util.HashMap)[pri:0, instance:ameera.Tests.SubmitOrderTest@4d15107f]" started-at="2025-02-06T20:09:34 GMT+03:00" name="submitOrder" data-provider="getData" finished-at="2025-02-06T20:09:36 GMT+03:00" duration-ms="2663" status="PASS">
          <params>
            <param index="0">
              <value>
                <![CDATA[{password=Amera1919@, email=ameera@gmail.com, productName=IPHONE 13 PRO}]]>
              </value>
            </param>
          </params>
          <reporter-output>
          </reporter-output>
        </test-method> <!-- submitOrder -->
        <test-method is-config="true" signature="tearDown()[pri:0, instance:ameera.Tests.SubmitOrderTest@4d15107f]" started-at="2025-02-06T20:09:36 GMT+03:00" name="tearDown" finished-at="2025-02-06T20:09:37 GMT+03:00" duration-ms="76" status="PASS">
          <reporter-output>
          </reporter-output>
        </test-method> <!-- tearDown -->
        <test-method is-config="true" signature="launchApplication()[pri:0, instance:ameera.Tests.SubmitOrderTest@4d15107f]" started-at="2025-02-06T20:09:37 GMT+03:00" name="launchApplication" finished-at="2025-02-06T20:09:41 GMT+03:00" duration-ms="4133" status="PASS">
          <reporter-output>
          </reporter-output>
        </test-method> <!-- launchApplication -->
        <test-method signature="submitOrder(java.util.HashMap)[pri:0, instance:ameera.Tests.SubmitOrderTest@4d15107f]" started-at="2025-02-06T20:09:41 GMT+03:00" name="submitOrder" data-provider="getData" finished-at="2025-02-06T20:09:43 GMT+03:00" duration-ms="2704" status="PASS">
          <params>
            <param index="0">
              <value>
                <![CDATA[{password=Amera1919@, email=arar@gmail.com, productName=Banarsi Saree}]]>
              </value>
            </param>
          </params>
          <reporter-output>
          </reporter-output>
        </test-method> <!-- submitOrder -->
        <test-method is-config="true" signature="tearDown()[pri:0, instance:ameera.Tests.SubmitOrderTest@4d15107f]" started-at="2025-02-06T20:09:43 GMT+03:00" name="tearDown" finished-at="2025-02-06T20:09:43 GMT+03:00" duration-ms="84" status="PASS">
          <reporter-output>
          </reporter-output>
        </test-method> <!-- tearDown -->
        <test-method is-config="true" signature="launchApplication()[pri:0, instance:ameera.Tests.SubmitOrderTest@4d15107f]" started-at="2025-02-06T20:09:43 GMT+03:00" name="launchApplication" finished-at="2025-02-06T20:09:46 GMT+03:00" duration-ms="2792" status="PASS">
          <reporter-output>
          </reporter-output>
        </test-method> <!-- launchApplication -->
        <test-method signature="OrderHistoryTest()[pri:0, instance:ameera.Tests.SubmitOrderTest@4d15107f]" started-at="2025-02-06T20:09:46 GMT+03:00" name="OrderHistoryTest" finished-at="2025-02-06T20:09:47 GMT+03:00" depends-on-methods="ameera.Tests.SubmitOrderTest.submitOrder" duration-ms="491" status="PASS">
          <reporter-output>
          </reporter-output>
        </test-method> <!-- OrderHistoryTest -->
        <test-method is-config="true" signature="tearDown()[pri:0, instance:ameera.Tests.SubmitOrderTest@4d15107f]" started-at="2025-02-06T20:09:47 GMT+03:00" name="tearDown" finished-at="2025-02-06T20:09:47 GMT+03:00" duration-ms="81" status="PASS">
          <reporter-output>
          </reporter-output>
        </test-method> <!-- tearDown -->
      </class> <!-- ameera.Tests.SubmitOrderTest -->
    </test> <!-- Submit Order Test -->
  </suite> <!-- Suite -->
</testng-results>
